<!DOCTYPE suite SYSTEM "https://testng.org/testng-1.0.dtd">
<suite name="JUnit Suite">
    <test name="JUnit Test">
        <classes>
            <class name="tests.junit.JUnitSampleTest"/>
        </classes>
    </test>
</suite>
